\BOOKMARK [0][-]{chapter.1}{Introduction}{}% 1
\BOOKMARK [1][-]{section.1.1}{Reactive Applications}{chapter.1}% 2
\BOOKMARK [1][-]{section.1.2}{Motivation}{chapter.1}% 3
\BOOKMARK [1][-]{section.1.3}{Thesis contribution}{chapter.1}% 4
\BOOKMARK [1][-]{section.1.4}{Outline}{chapter.1}% 5
\BOOKMARK [0][-]{chapter.2}{State of the Art}{}% 6
\BOOKMARK [1][-]{section.2.1}{Reactive Systems}{chapter.2}% 7
\BOOKMARK [2][-]{subsection.2.1.1}{Challenges in Implementing Reactive Systems}{section.2.1}% 8
\BOOKMARK [1][-]{section.2.2}{Implementation of Reactive Systems}{chapter.2}% 9
\BOOKMARK [2][-]{subsection.2.2.1}{The Observer Pattern}{section.2.2}% 10
\BOOKMARK [2][-]{subsection.2.2.2}{Aspect-Oriented Programming \(AOP\)}{section.2.2}% 11
\BOOKMARK [2][-]{subsection.2.2.3}{Callbacks}{section.2.2}% 12
\BOOKMARK [2][-]{subsection.2.2.4}{Promises}{section.2.2}% 13
\BOOKMARK [1][-]{section.2.3}{Reactive Programming}{chapter.2}% 14
\BOOKMARK [2][-]{subsection.2.3.1}{ReactiveX}{section.2.3}% 15
\BOOKMARK [2][-]{subsection.2.3.2}{RxJS}{section.2.3}% 16
\BOOKMARK [2][-]{subsection.2.3.3}{BaconJS}{section.2.3}% 17
\BOOKMARK [1][-]{section.2.4}{Debugging Software Programs}{chapter.2}% 18
\BOOKMARK [2][-]{subsection.2.4.1}{Debugging Javascript}{section.2.4}% 19
\BOOKMARK [2][-]{subsection.2.4.2}{Debugging Reactive Programs}{section.2.4}% 20
\BOOKMARK [2][-]{subsection.2.4.3}{Jalangi Framework}{section.2.4}% 21
\BOOKMARK [1][-]{section.2.5}{Google Chrome Developer Tools}{chapter.2}% 22
\BOOKMARK [2][-]{subsection.2.5.1}{Extending Chrome Developer Tools}{section.2.5}% 23
\BOOKMARK [1][-]{section.2.6}{Related Work}{chapter.2}% 24
\BOOKMARK [0][-]{chapter.3}{System Design}{}% 25
\BOOKMARK [1][-]{section.3.1}{System Requirements}{chapter.3}% 26
\BOOKMARK [1][-]{section.3.2}{System Architecture Overview}{chapter.3}% 27
\BOOKMARK [2][-]{subsection.3.2.1}{Analyzer}{section.3.2}% 28
\BOOKMARK [1][-]{section.3.3}{System Architecture Details}{chapter.3}% 29
\BOOKMARK [2][-]{subsection.3.3.1}{Dependency Graph Visualization}{section.3.3}% 30
\BOOKMARK [2][-]{subsection.3.3.2}{Navigating through the Dependency Graph History}{section.3.3}% 31
\BOOKMARK [2][-]{subsection.3.3.3}{Breakpoints}{section.3.3}% 32
\BOOKMARK [2][-]{subsection.3.3.4}{Chrome extension}{section.3.3}% 33
\BOOKMARK [2][-]{subsection.3.3.5}{Scoping and other features}{section.3.3}% 34
\BOOKMARK [2][-]{subsection.3.3.6}{Chrome Storage}{section.3.3}% 35
\BOOKMARK [0][-]{chapter.4}{System Implementation}{}% 36
\BOOKMARK [1][-]{section.4.1}{Implementation method}{chapter.4}% 37
\BOOKMARK [1][-]{section.4.2}{Significant Data Structures for the Communication}{chapter.4}% 38
\BOOKMARK [1][-]{section.4.3}{Communication between components}{chapter.4}% 39
\BOOKMARK [1][-]{section.4.4}{CRI User Interface}{chapter.4}% 40
\BOOKMARK [0][-]{chapter.5}{Evaluation}{}% 41
\BOOKMARK [1][-]{section.5.1}{Operators}{chapter.5}% 42
\BOOKMARK [2][-]{subsection.5.1.1}{RxJS - Operators}{section.5.1}% 43
\BOOKMARK [1][-]{section.5.2}{RxJS - Subjects}{chapter.5}% 44
\BOOKMARK [1][-]{section.5.3}{RxJS - Animation Test}{chapter.5}% 45
\BOOKMARK [1][-]{section.5.4}{RxJS - Drawing example}{chapter.5}% 46
\BOOKMARK [1][-]{section.5.5}{RxJS - Stopwatch example}{chapter.5}% 47
\BOOKMARK [1][-]{section.5.6}{BaconJS - Drag-n-Drop}{chapter.5}% 48
\BOOKMARK [1][-]{section.5.7}{RxJS - Wikipedia updates}{chapter.5}% 49
\BOOKMARK [1][-]{section.5.8}{Existing design vs Current design}{chapter.5}% 50
\BOOKMARK [1][-]{section.5.9}{Profiling Time - Library calls from the User space}{chapter.5}% 51
\BOOKMARK [1][-]{section.5.10}{Summary of Evaluation}{chapter.5}% 52
\BOOKMARK [0][-]{chapter.6}{Conclusion and Future work}{}% 53
\BOOKMARK [1][-]{section.6.1}{Final Remarks}{chapter.6}% 54
\BOOKMARK [1][-]{section.6.2}{Future Work}{chapter.6}% 55
\BOOKMARK [0][-]{section*.50}{List of Figures}{}% 56
\BOOKMARK [0][-]{section*.53}{Listings}{}% 57
\BOOKMARK [0][-]{section*.56}{Bibliography}{}% 58
