\BOOKMARK [0][]{chapter.1}{1 Introduction}{}% 1
\BOOKMARK [1][-]{section.1.1}{1.1 Background}{chapter.1}% 2
\BOOKMARK [2][-]{subsection.1.1.1}{1.1.1 Motivation}{section.1.1}% 3
\BOOKMARK [1][-]{section.1.2}{1.2 Our Contribution}{chapter.1}% 4
\BOOKMARK [1][-]{section.1.3}{1.3 Outline}{chapter.1}% 5
\BOOKMARK [0][]{chapter.2}{2 State of the Art}{}% 6
\BOOKMARK [1][-]{section.2.1}{2.1 Reactive Systems}{chapter.2}% 7
\BOOKMARK [1][-]{section.2.2}{2.2 Afore Reactive Programming}{chapter.2}% 8
\BOOKMARK [2][-]{subsection.2.2.1}{2.2.1 Observer Pattern}{section.2.2}% 9
\BOOKMARK [2][-]{subsection.2.2.2}{2.2.2 Iterator Vs Observer Pattern}{section.2.2}% 10
\BOOKMARK [2][-]{subsection.2.2.3}{2.2.3 Callbacks}{section.2.2}% 11
\BOOKMARK [2][-]{subsection.2.2.4}{2.2.4 Promises}{section.2.2}% 12
\BOOKMARK [2][-]{subsection.2.2.5}{2.2.5 Imperative vs Functional programming}{section.2.2}% 13
\BOOKMARK [1][-]{section.2.3}{2.3 Reactive Programming}{chapter.2}% 14
\BOOKMARK [2][-]{subsection.2.3.1}{2.3.1 Reactive Programming With Javascript}{section.2.3}% 15
\BOOKMARK [2][-]{subsection.2.3.2}{2.3.2 ReactiveX and RxJS}{section.2.3}% 16
\BOOKMARK [2][-]{subsection.2.3.3}{2.3.3 Important Concepts of RxJS}{section.2.3}% 17
\BOOKMARK [2][-]{subsection.2.3.4}{2.3.4 Bacon.js}{section.2.3}% 18
\BOOKMARK [1][-]{section.2.4}{2.4 Debugging and Tools Support}{chapter.2}% 19
\BOOKMARK [2][-]{subsection.2.4.1}{2.4.1 Debugging JavaScript}{section.2.4}% 20
\BOOKMARK [2][-]{subsection.2.4.2}{2.4.2 Jalangi}{section.2.4}% 21
\BOOKMARK [2][-]{subsection.2.4.3}{2.4.3 Debugging in Reactive Programming}{section.2.4}% 22
\BOOKMARK [2][-]{subsection.2.4.4}{2.4.4 Debugging Reactive Extensions of JS}{section.2.4}% 23
\BOOKMARK [1][-]{section.2.5}{2.5 Related Work}{chapter.2}% 24
\BOOKMARK [2][-]{subsection.2.5.1}{2.5.1 Omniscient Debuggers}{section.2.5}% 25
\BOOKMARK [2][-]{subsection.2.5.2}{2.5.2 RxVision}{section.2.5}% 26
\BOOKMARK [2][-]{subsection.2.5.3}{2.5.3 Cycle.js DevTool for Chrome}{section.2.5}% 27
\BOOKMARK [2][-]{subsection.2.5.4}{2.5.4 React Developer Tools}{section.2.5}% 28
\BOOKMARK [0][]{chapter.3}{3 System Design}{}% 29
\BOOKMARK [1][-]{section.3.1}{3.1 System Design}{chapter.3}% 30
\BOOKMARK [0][]{chapter.4}{4 Implementation}{}% 31
\BOOKMARK [1][-]{section.4.1}{4.1 Implementation}{chapter.4}% 32
\BOOKMARK [0][]{chapter.5}{5 Evaluation}{}% 33
\BOOKMARK [1][-]{section.5.1}{5.1 Evaluation}{chapter.5}% 34
\BOOKMARK [0][]{chapter.6}{6 Summary}{}% 35
\BOOKMARK [1][-]{section.6.1}{6.1 Summary}{chapter.6}% 36
\BOOKMARK [0][]{dummy.1}{Bibliography}{}% 37
