\BOOKMARK [0][-]{chapter.1}{Introduction}{}% 1
\BOOKMARK [1][-]{section.1.1}{Background}{chapter.1}% 2
\BOOKMARK [1][-]{section.1.2}{Motivation}{chapter.1}% 3
\BOOKMARK [1][-]{section.1.3}{Our Contribution}{chapter.1}% 4
\BOOKMARK [1][-]{section.1.4}{Outline}{chapter.1}% 5
\BOOKMARK [0][-]{chapter.2}{State of the Art}{}% 6
\BOOKMARK [1][-]{section.2.1}{Implementation of Reactive Systems}{chapter.2}% 7
\BOOKMARK [2][-]{subsection.2.1.1}{Observer Design Pattern}{section.2.1}% 8
\BOOKMARK [2][-]{subsection.2.1.2}{Aspect-Oriented Programming}{section.2.1}% 9
\BOOKMARK [2][-]{subsection.2.1.3}{Callbacks}{section.2.1}% 10
\BOOKMARK [2][-]{subsection.2.1.4}{Promises}{section.2.1}% 11
\BOOKMARK [2][-]{subsection.2.1.5}{Iterator Vs Observer Pattern}{section.2.1}% 12
\BOOKMARK [1][-]{section.2.2}{Reactive Programming}{chapter.2}% 13
\BOOKMARK [2][-]{subsection.2.2.1}{Reactive Programming with JavaScript}{section.2.2}% 14
\BOOKMARK [2][-]{subsection.2.2.2}{ReactiveX and RxJS}{section.2.2}% 15
\BOOKMARK [2][-]{subsection.2.2.3}{Important Concepts of RxJS}{section.2.2}% 16
\BOOKMARK [2][-]{subsection.2.2.4}{Bacon.js}{section.2.2}% 17
\BOOKMARK [1][-]{section.2.3}{Debugging and Tools Support}{chapter.2}% 18
\BOOKMARK [2][-]{subsection.2.3.1}{Debugging JavaScript}{section.2.3}% 19
\BOOKMARK [2][-]{subsection.2.3.2}{Debugging in Reactive Programming}{section.2.3}% 20
\BOOKMARK [2][-]{subsection.2.3.3}{Debugging Reactive Extensions of JS}{section.2.3}% 21
\BOOKMARK [1][-]{section.2.4}{Jalangi}{chapter.2}% 22
\BOOKMARK [1][-]{section.2.5}{Chrome Developer Tools}{chapter.2}% 23
\BOOKMARK [2][-]{subsection.2.5.1}{Extending Chrome DevTools}{section.2.5}% 24
\BOOKMARK [1][-]{section.2.6}{Related Work}{chapter.2}% 25
\BOOKMARK [2][-]{subsection.2.6.1}{Beyond Traditional Debugging}{section.2.6}% 26
\BOOKMARK [2][-]{subsection.2.6.2}{Related Tools}{section.2.6}% 27
\BOOKMARK [0][-]{chapter.3}{System Design}{}% 28
\BOOKMARK [1][-]{section.3.1}{System Requirements}{chapter.3}% 29
\BOOKMARK [1][-]{section.3.2}{System Architecture}{chapter.3}% 30
\BOOKMARK [2][-]{subsection.3.2.1}{Event Sniffing - Options}{section.3.2}% 31
\BOOKMARK [1][-]{section.3.3}{System Features and Design Choices}{chapter.3}% 32
\BOOKMARK [2][-]{subsection.3.3.1}{Dependency Graph Visualization}{section.3.3}% 33
\BOOKMARK [2][-]{subsection.3.3.2}{History of Dependency Graph}{section.3.3}% 34
\BOOKMARK [2][-]{subsection.3.3.3}{Reactive Breakpoints}{section.3.3}% 35
\BOOKMARK [2][-]{subsection.3.3.4}{Extension to Chrome DevTools}{section.3.3}% 36
\BOOKMARK [2][-]{subsection.3.3.5}{Scoping and Snapshot}{section.3.3}% 37
\BOOKMARK [2][-]{subsection.3.3.6}{Reactive Libraries Support}{section.3.3}% 38
\BOOKMARK [2][-]{subsection.3.3.7}{Data Storage and Management}{section.3.3}% 39
\BOOKMARK [2][-]{subsection.3.3.8}{Mapping Stream to JS variable}{section.3.3}% 40
\BOOKMARK [2][-]{subsection.3.3.9}{Chrome Extension Scripts}{section.3.3}% 41
\BOOKMARK [2][-]{subsection.3.3.10}{Scripts Injection from Extension}{section.3.3}% 42
\BOOKMARK [0][-]{chapter.4}{Implementation}{}% 43
\BOOKMARK [1][-]{section.4.1}{CRI - Implementation Alternatives }{chapter.4}% 44
\BOOKMARK [2][-]{subsection.4.1.1}{Alternative - 1}{section.4.1}% 45
\BOOKMARK [2][-]{subsection.4.1.2}{Alternative - 2}{section.4.1}% 46
\BOOKMARK [1][-]{section.4.2}{Significant Data Structures}{chapter.4}% 47
\BOOKMARK [1][-]{section.4.3}{Communication between Extension Components}{chapter.4}% 48
\BOOKMARK [1][-]{section.4.4}{The Query Language}{chapter.4}% 49
\BOOKMARK [1][-]{section.4.5}{Graphical User Interface}{chapter.4}% 50
\BOOKMARK [0][-]{chapter.5}{Evaluation}{}% 51
\BOOKMARK [1][-]{section.5.1}{Feasibility of the Technical Approach}{chapter.5}% 52
\BOOKMARK [2][-]{subsection.5.1.1}{Evaluated Web Applications}{section.5.1}% 53
\BOOKMARK [2][-]{subsection.5.1.2}{Evaluation Criteria}{section.5.1}% 54
\BOOKMARK [2][-]{subsection.5.1.3}{Evaluation Results}{section.5.1}% 55
\BOOKMARK [1][-]{section.5.2}{Case Studies}{chapter.5}% 56
\BOOKMARK [2][-]{subsection.5.2.1}{Understanding Operators}{section.5.2}% 57
\BOOKMARK [2][-]{subsection.5.2.2}{Understanding Reactive Systems with Dependency Graph History}{section.5.2}% 58
\BOOKMARK [2][-]{subsection.5.2.3}{Querying the Dependency Graph History}{section.5.2}% 59
\BOOKMARK [2][-]{subsection.5.2.4}{Reactive-Programming-Specific Breakpoints}{section.5.2}% 60
\BOOKMARK [1][-]{section.5.3}{More Advance Applications}{chapter.5}% 61
\BOOKMARK [2][-]{subsection.5.3.1}{RxJS - Canvas Painting Board}{section.5.3}% 62
\BOOKMARK [2][-]{subsection.5.3.2}{RxJS - Who to Follow}{section.5.3}% 63
\BOOKMARK [2][-]{subsection.5.3.3}{Baon.js - Drawing Bar Chart}{section.5.3}% 64
\BOOKMARK [2][-]{subsection.5.3.4}{Bacon.js - Live Wikipedia Updates Over Websockets}{section.5.3}% 65
\BOOKMARK [1][-]{section.5.4}{Summary of the Evaluation}{chapter.5}% 66
\BOOKMARK [0][-]{chapter.6}{Summary}{}% 67
\BOOKMARK [1][-]{section.6.1}{Conclusion}{chapter.6}% 68
\BOOKMARK [1][-]{section.6.2}{Future Work and New Features}{chapter.6}% 69
\BOOKMARK [0][-]{section*.49}{List of Figures}{}% 70
\BOOKMARK [0][-]{section*.52}{Listings}{}% 71
\BOOKMARK [0][-]{section*.55}{Bibliography}{}% 72
\BOOKMARK [0][-]{section*.56}{Appendices}{}% 73
\BOOKMARK [0][-]{Appendix.1.A}{APPENDIX}{}% 74
\BOOKMARK [1][-]{section.1.A.1}{App\0431 - Operators and Events}{Appendix.1.A}% 75
\BOOKMARK [1][-]{section.1.A.2}{App\0432 - Father-Son Wallet War}{Appendix.1.A}% 76
\BOOKMARK [1][-]{section.1.A.3}{App\0433 - Up-Down Counter}{Appendix.1.A}% 77
\BOOKMARK [1][-]{section.1.A.4}{App\0434 - Form Validation}{Appendix.1.A}% 78
\BOOKMARK [1][-]{section.1.A.5}{App\0435 - Movie Search}{Appendix.1.A}% 79
\BOOKMARK [1][-]{section.1.A.6}{App\0436 - Bar Chart}{Appendix.1.A}% 80
\BOOKMARK [1][-]{section.1.A.7}{App\0437 - WebSocket - Wikipedia}{Appendix.1.A}% 81
\BOOKMARK [1][-]{section.1.A.8}{App\0438 - Smart Counter}{Appendix.1.A}% 82
\BOOKMARK [1][-]{section.1.A.9}{App\0439 - State Sotrage}{Appendix.1.A}% 83
\BOOKMARK [1][-]{section.1.A.10}{App\04310 - Letter Counter}{Appendix.1.A}% 84
\BOOKMARK [1][-]{section.1.A.11}{App\04311 - Father-Son Wallet War}{Appendix.1.A}% 85
\BOOKMARK [1][-]{section.1.A.12}{App\04312 - Movie Search}{Appendix.1.A}% 86
\BOOKMARK [1][-]{section.1.A.13}{App\04313 - Follow The Mouse }{Appendix.1.A}% 87
\BOOKMARK [1][-]{section.1.A.14}{App\04314 - Drag and Drop}{Appendix.1.A}% 88
\BOOKMARK [1][-]{section.1.A.15}{App\04315 - Canvas Painting }{Appendix.1.A}% 89
\BOOKMARK [1][-]{section.1.A.16}{App\04316 - Twitter Follow Box}{Appendix.1.A}% 90
\BOOKMARK [1][-]{section.1.A.17}{App\04317 - REST API Call }{Appendix.1.A}% 91
\BOOKMARK [1][-]{section.1.A.18}{App\04318 - Spotify Artist Search }{Appendix.1.A}% 92
\BOOKMARK [1][-]{section.1.A.19}{App\04319 - Image Sampler}{Appendix.1.A}% 93
\BOOKMARK [1][-]{section.1.A.20}{App\04320 - Mullti Select Cards }{Appendix.1.A}% 94
\BOOKMARK [1][-]{section.1.A.21}{App\04321 - True - False Logger }{Appendix.1.A}% 95
\BOOKMARK [1][-]{section.1.A.22}{App\04322 - Drawing App }{Appendix.1.A}% 96
